<?xml version="1.0" encoding="UTF-8"?>
<!-- Generated by org.testng.reporters.JUnitReportReporter -->
<testsuite name="HomePageTest.SearchByExcel" tests="1" time="25.071" ignored="0" failures="0" timestamp="25 Jan 2017 04:56:58 GMT" skipped="0" hostname="ahmads-MacBook-Air.local" errors="0">
  <testcase name="search" time="25.071" classname="HomePageTest.SearchByExcel"/>
</testsuite> <!-- HomePageTest.SearchByExcel -->
