<?xml version="1.0" encoding="UTF-8"?>
<!-- Generated by org.testng.reporters.JUnitReportReporter -->
<testsuite name="HomePage.TestHomePage" tests="1" time="7.170" ignored="0" failures="0" timestamp="24 Jan 2017 08:58:52 GMT" skipped="0" hostname="ahmads-MacBook-Air.local" errors="0">
  <testcase name="testHomePageTittle" time="7.170" classname="HomePage.TestHomePage"/>
</testsuite> <!-- HomePage.TestHomePage -->
