<?xml version="1.0" encoding="UTF-8"?>
<!-- Generated by org.testng.reporters.JUnitReportReporter -->
<testsuite name="HomePage.TestMemberLogin" tests="1" time="13.128" ignored="0" failures="0" timestamp="24 Jan 2017 08:58:52 GMT" skipped="0" hostname="ahmads-MacBook-Air.local" errors="0">
  <testcase name="IncorrectMemberLoginBlank" time="13.128" classname="HomePage.TestMemberLogin"/>
</testsuite> <!-- HomePage.TestMemberLogin -->
